<?xml version="1.0" encoding="UTF-8" standalone="no"?><testsuite errors="1" failures="0" name="Finalizar Compra" skipped="0" tests="1" time="0.6" timestamp="2025-05-06 11:51:05"><testcase name="Un usuario registrado puede finalizar la compra"><error message="The actor Mateo does not have the ability to browse the web" type="net.serenitybdd.screenplay.exceptions.ActorCannotBrowseTheWebException">The actor Mateo does not have the ability to browse the web</error><system-err>The actor Mateo does not have the ability to browse the web&#13;
com.sofka.hibot.interactions.NavegarAlaPaginaDeLogin.performAs(NavegarAlaPaginaDeLogin.java:15)&#13;
com.sofka.hibot.stepdefinitions.FinalizarCompraStepDefinitions.el_usuario_ha_agregado_dos_productos_al_carrito(FinalizarCompraStepDefinitions.java:34)&#13;
worker.org.gradle.process.internal.worker.GradleWorkerMain.run(GradleWorkerMain.java:69)&#13;
worker.org.gradle.process.internal.worker.GradleWorkerMain.main(GradleWorkerMain.java:74)&#13;
</system-err></testcase></testsuite>