<?xml version="1.0" encoding="UTF-8" standalone="no"?><testsuite errors="1" failures="0" name="Agregar productos al carrito" skipped="0" tests="1" time="0.24" timestamp="2025-05-06 12:04:17"><testcase name="El usuario agrega productos aleatorios al carrito"><error message="No stage available - it looks like you haven't called the setTheStage() method before calling this one." type="net.serenitybdd.screenplay.actors.NoStageException">No stage available - it looks like you haven't called the setTheStage() method before calling this one.</error><system-err>No stage available - it looks like you haven't called the setTheStage() method before calling this one.&#13;
com.sofka.hibot.stepdefinitions.AgregarProductosStepDefinitions.el_usuario_ha_iniciado_sesion_correctamente(AgregarProductosStepDefinitions.java:36)&#13;
✽.El usuario ha iniciado sesion correctamente(file:///C:/Users/mateo.lopez/IdeaProjects/Prueba-tecnica-HiBot/src/test/resources/features/agregarProductos.feature:4)&#13;
</system-err></testcase></testsuite>